{"level":"info","message":"Server is running on 5001"}
{"level":"info","message":"Server is running on 5001"}
{"level":"info","message":"Server is running on 5001"}
{"level":"info","message":"Server is running on 5001"}
{"level":"info","message":"Connected to PostgreSQL database"}
{"level":"info","message":{"success":true}}
{"level":"info","message":"Server is running on 5001"}
{"level":"info","message":"Connected to PostgreSQL database"}
{"level":"info","message":"Server is running on 5001"}
{"level":"info","message":"Connected to PostgreSQL database"}
{"level":"info","message":{"success":true}}
{"level":"info","message":{"success":true}}
{"level":"info","message":"Server is running on 5001"}
{"level":"error","message":"Error connecting to PostgreSQL database:"}
{"level":"info","message":"Server is running on 5001"}
{"level":"info","message":"Connected to PostgreSQL database"}
{"level":"info","message":{"success":true}}
{"level":"info","message":"Server is running on 5001"}
{"level":"info","message":"Connected to PostgreSQL database"}
{"level":"info","message":"Server is running on 5001"}
{"level":"info","message":"Connected to PostgreSQL database"}
{"level":"info","message":"Server is running on 5001"}
{"level":"info","message":"Connected to PostgreSQL database"}
{"level":"info","message":"Server is running on 5001"}
{"level":"error","message":"Error connecting to PostgreSQL database:"}
{"level":"info","message":"Server is running on 5001"}
{"level":"info","message":"Connected to PostgreSQL database"}
{"level":"info","message":"Server is running on 5001"}
{"level":"info","message":"Server is running on 5001"}
{"level":"info","message":"Connected to PostgreSQL database"}
{"level":"info","message":"Server is running on 5001"}
{"level":"info","message":"Connected to PostgreSQL database"}
{"level":"info","message":"Server is running on 5001"}
{"level":"info","message":"Connected to PostgreSQL database"}
{"level":"info","message":{"success":true}}
{"level":"info","message":"Server is running on 5001"}
{"level":"info","message":"Connected to PostgreSQL database"}
{"level":"info","message":"Server is running on 5001"}
{"level":"error","message":"Error connecting to PostgreSQL database:"}
{"level":"info","message":"Server is running on 5001"}
{"level":"error","message":"Error connecting to PostgreSQL database:"}
{"level":"info","message":"Server is running on 5001"}
{"level":"info","message":"Server is running on 5001"}
{"level":"error","message":"Error connecting to PostgreSQL database:"}
{"level":"info","message":"Server is running on 5001"}
{"level":"error","message":"Error connecting to PostgreSQL database:"}
{"level":"info","message":"Server is running on 5001"}
{"level":"error","message":"Error connecting to PostgreSQL database:"}
{"level":"info","message":"Server is running on 5001"}
{"level":"error","message":"Error connecting to PostgreSQL database:"}
{"level":"info","message":"Server is running on 5001"}
{"code":"ENOTFOUND","errno":-3008,"hostname":"dpg-clkrmpsjtl8s73f17fq0-a","level":"error","message":"Error connecting to PostgreSQL database: getaddrinfo ENOTFOUND dpg-clkrmpsjtl8s73f17fq0-a","stack":"Error: getaddrinfo ENOTFOUND dpg-clkrmpsjtl8s73f17fq0-a\n    at D:\\Forex\\forex-remittance\\backend\\node_modules\\pg-pool\\index.js:45:11\n    at process.processTicksAndRejections (node:internal/process/task_queues:95:5)\n    at async connectToDatabase (D:\\Forex\\forex-remittance\\backend\\database\\db.js:14:20)","syscall":"getaddrinfo"}
{"level":"info","message":"Server is running on 5001"}
{"code":"ENOTFOUND","errno":-3008,"hostname":"dpg-dpg-clkrmpsjtl8s73f17fq0-a-a","level":"error","message":"Error connecting to PostgreSQL database: getaddrinfo ENOTFOUND dpg-dpg-clkrmpsjtl8s73f17fq0-a-a","stack":"Error: getaddrinfo ENOTFOUND dpg-dpg-clkrmpsjtl8s73f17fq0-a-a\n    at D:\\Forex\\forex-remittance\\backend\\node_modules\\pg-pool\\index.js:45:11\n    at process.processTicksAndRejections (node:internal/process/task_queues:95:5)\n    at async connectToDatabase (D:\\Forex\\forex-remittance\\backend\\database\\db.js:14:20)","syscall":"getaddrinfo"}
{"level":"info","message":"Server is running on 5001"}
{"code":"ENOTFOUND","errno":-3008,"hostname":"ddpg-clkrmpsjtl8s73f17fq0-a-a","level":"error","message":"Error connecting to PostgreSQL database: getaddrinfo ENOTFOUND ddpg-clkrmpsjtl8s73f17fq0-a-a","stack":"Error: getaddrinfo ENOTFOUND ddpg-clkrmpsjtl8s73f17fq0-a-a\n    at D:\\Forex\\forex-remittance\\backend\\node_modules\\pg-pool\\index.js:45:11\n    at process.processTicksAndRejections (node:internal/process/task_queues:95:5)\n    at async connectToDatabase (D:\\Forex\\forex-remittance\\backend\\database\\db.js:14:20)","syscall":"getaddrinfo"}
{"level":"info","message":"Server is running on 5001"}
{"code":"ENOTFOUND","errno":-3008,"hostname":"ddpg-clkrmpsjtl8s73f17fq0-a","level":"error","message":"Error connecting to PostgreSQL database: getaddrinfo ENOTFOUND ddpg-clkrmpsjtl8s73f17fq0-a","stack":"Error: getaddrinfo ENOTFOUND ddpg-clkrmpsjtl8s73f17fq0-a\n    at D:\\Forex\\forex-remittance\\backend\\node_modules\\pg-pool\\index.js:45:11\n    at process.processTicksAndRejections (node:internal/process/task_queues:95:5)\n    at async connectToDatabase (D:\\Forex\\forex-remittance\\backend\\database\\db.js:14:20)","syscall":"getaddrinfo"}
{"level":"info","message":"Server is running on 5001"}
{"code":"ENOTFOUND","errno":-3008,"hostname":"ddpg-clkrmpsjtl8s73f17fq0-a","level":"error","message":"Error connecting to PostgreSQL database: getaddrinfo ENOTFOUND ddpg-clkrmpsjtl8s73f17fq0-a","stack":"Error: getaddrinfo ENOTFOUND ddpg-clkrmpsjtl8s73f17fq0-a\n    at D:\\Forex\\forex-remittance\\backend\\node_modules\\pg-pool\\index.js:45:11\n    at process.processTicksAndRejections (node:internal/process/task_queues:95:5)\n    at async connectToDatabase (D:\\Forex\\forex-remittance\\backend\\database\\db.js:14:20)","syscall":"getaddrinfo"}
{"level":"info","message":"Server is running on 5001"}
{"code":"ENOTFOUND","errno":-3008,"hostname":"ddpg-clkrmpsjtl8s73f17fq0-a","level":"error","message":"Error connecting to PostgreSQL database: getaddrinfo ENOTFOUND ddpg-clkrmpsjtl8s73f17fq0-a","stack":"Error: getaddrinfo ENOTFOUND ddpg-clkrmpsjtl8s73f17fq0-a\n    at D:\\Forex\\forex-remittance\\backend\\node_modules\\pg-pool\\index.js:45:11\n    at process.processTicksAndRejections (node:internal/process/task_queues:95:5)\n    at async connectToDatabase (D:\\Forex\\forex-remittance\\backend\\database\\db.js:14:20)","syscall":"getaddrinfo"}
{"level":"info","message":"Server is running on 5001"}
{"code":"ENOTFOUND","errno":-3008,"hostname":"ddpg-clkrmpsjtl8s73f17fq0-a","level":"error","message":"Error connecting to PostgreSQL database: getaddrinfo ENOTFOUND ddpg-clkrmpsjtl8s73f17fq0-a","stack":"Error: getaddrinfo ENOTFOUND ddpg-clkrmpsjtl8s73f17fq0-a\n    at D:\\Forex\\forex-remittance\\backend\\node_modules\\pg-pool\\index.js:45:11\n    at process.processTicksAndRejections (node:internal/process/task_queues:95:5)\n    at async connectToDatabase (D:\\Forex\\forex-remittance\\backend\\database\\db.js:14:20)","syscall":"getaddrinfo"}
{"level":"info","message":"Server is running on 5001"}
{"code":"ENOTFOUND","errno":-3008,"hostname":"ddpg-clkrmpsjtl8s73f17fq0-a","level":"error","message":"Error connecting to PostgreSQL database: getaddrinfo ENOTFOUND ddpg-clkrmpsjtl8s73f17fq0-a","stack":"Error: getaddrinfo ENOTFOUND ddpg-clkrmpsjtl8s73f17fq0-a\n    at D:\\Forex\\forex-remittance\\backend\\node_modules\\pg-pool\\index.js:45:11\n    at process.processTicksAndRejections (node:internal/process/task_queues:95:5)\n    at async connectToDatabase (D:\\Forex\\forex-remittance\\backend\\database\\db.js:14:20)","syscall":"getaddrinfo"}
{"level":"info","message":"Server is running on 5001"}
{"code":"ENOTFOUND","errno":-3008,"hostname":"ddpg-clkrmpsjtl8s73f17fq0-a","level":"error","message":"Error connecting to PostgreSQL database: getaddrinfo ENOTFOUND ddpg-clkrmpsjtl8s73f17fq0-a","stack":"Error: getaddrinfo ENOTFOUND ddpg-clkrmpsjtl8s73f17fq0-a\n    at D:\\Forex\\forex-remittance\\backend\\node_modules\\pg-pool\\index.js:45:11\n    at process.processTicksAndRejections (node:internal/process/task_queues:95:5)\n    at async connectToDatabase (D:\\Forex\\forex-remittance\\backend\\database\\db.js:14:20)","syscall":"getaddrinfo"}
{"level":"info","message":"Server is running on 5001"}
{"code":"ENOTFOUND","errno":-3008,"hostname":"ddpg-clkrmpsjtl8s73f17fq0-a","level":"error","message":"Error connecting to PostgreSQL database: getaddrinfo ENOTFOUND ddpg-clkrmpsjtl8s73f17fq0-a","stack":"Error: getaddrinfo ENOTFOUND ddpg-clkrmpsjtl8s73f17fq0-a\n    at D:\\Forex\\forex-remittance\\backend\\node_modules\\pg-pool\\index.js:45:11\n    at process.processTicksAndRejections (node:internal/process/task_queues:95:5)\n    at async connectToDatabase (D:\\Forex\\forex-remittance\\backend\\database\\db.js:14:20)","syscall":"getaddrinfo"}
{"level":"info","message":"Server is running on 5001"}
{"code":"ENOTFOUND","errno":-3008,"hostname":"ddpg-clkrmpsjtl8s73f17fq0-a","level":"error","message":"Error connecting to PostgreSQL database: getaddrinfo ENOTFOUND ddpg-clkrmpsjtl8s73f17fq0-a","stack":"Error: getaddrinfo ENOTFOUND ddpg-clkrmpsjtl8s73f17fq0-a\n    at D:\\Forex\\forex-remittance\\backend\\node_modules\\pg-pool\\index.js:45:11\n    at process.processTicksAndRejections (node:internal/process/task_queues:95:5)\n    at async connectToDatabase (D:\\Forex\\forex-remittance\\backend\\database\\db.js:14:20)","syscall":"getaddrinfo"}
{"level":"info","message":"Server is running on 5001"}
{"code":"ENOTFOUND","errno":-3008,"hostname":"ddpg-clkrmpsjtl8s73f17fq0-a","level":"error","message":"Error connecting to PostgreSQL database: getaddrinfo ENOTFOUND ddpg-clkrmpsjtl8s73f17fq0-a","stack":"Error: getaddrinfo ENOTFOUND ddpg-clkrmpsjtl8s73f17fq0-a\n    at D:\\Forex\\forex-remittance\\backend\\node_modules\\pg-pool\\index.js:45:11\n    at process.processTicksAndRejections (node:internal/process/task_queues:95:5)\n    at async connectToDatabase (D:\\Forex\\forex-remittance\\backend\\database\\db.js:14:20)","syscall":"getaddrinfo"}
{"level":"info","message":"Server is running on 5001"}
{"code":"ENOTFOUND","errno":-3008,"hostname":"ddpg-clkrmpsjtl8s73f17fq0-a","level":"error","message":"Error connecting to PostgreSQL database: getaddrinfo ENOTFOUND ddpg-clkrmpsjtl8s73f17fq0-a","stack":"Error: getaddrinfo ENOTFOUND ddpg-clkrmpsjtl8s73f17fq0-a\n    at D:\\Forex\\forex-remittance\\backend\\node_modules\\pg-pool\\index.js:45:11\n    at process.processTicksAndRejections (node:internal/process/task_queues:95:5)\n    at async connectToDatabase (D:\\Forex\\forex-remittance\\backend\\database\\db.js:14:20)","syscall":"getaddrinfo"}
{"level":"info","message":"Server is running on 5001"}
{"code":"ENOTFOUND","errno":-3008,"hostname":"ddpg-clkrmpsjtl8s73f17fq0-a","level":"error","message":"Error connecting to PostgreSQL database: getaddrinfo ENOTFOUND ddpg-clkrmpsjtl8s73f17fq0-a","stack":"Error: getaddrinfo ENOTFOUND ddpg-clkrmpsjtl8s73f17fq0-a\n    at D:\\Forex\\forex-remittance\\backend\\node_modules\\pg-pool\\index.js:45:11\n    at process.processTicksAndRejections (node:internal/process/task_queues:95:5)\n    at async connectToDatabase (D:\\Forex\\forex-remittance\\backend\\database\\db.js:14:20)","syscall":"getaddrinfo"}
{"level":"info","message":"Server is running on 5001"}
{"code":"ENOTFOUND","errno":-3008,"hostname":"ddpg-clkrmpsjtl8s73f17fq0-a","level":"error","message":"Error connecting to PostgreSQL database: getaddrinfo ENOTFOUND ddpg-clkrmpsjtl8s73f17fq0-a","stack":"Error: getaddrinfo ENOTFOUND ddpg-clkrmpsjtl8s73f17fq0-a\n    at D:\\Forex\\forex-remittance\\backend\\node_modules\\pg-pool\\index.js:45:11\n    at process.processTicksAndRejections (node:internal/process/task_queues:95:5)\n    at async connectToDatabase (D:\\Forex\\forex-remittance\\backend\\database\\db.js:14:20)","syscall":"getaddrinfo"}
{"level":"info","message":"Server is running on 5001"}
{"code":"ENOTFOUND","errno":-3008,"hostname":"ddpg-clkrmpsjtl8s73f17fq0-a","level":"error","message":"Error connecting to PostgreSQL database: getaddrinfo ENOTFOUND ddpg-clkrmpsjtl8s73f17fq0-a","stack":"Error: getaddrinfo ENOTFOUND ddpg-clkrmpsjtl8s73f17fq0-a\n    at D:\\Forex\\forex-remittance\\backend\\node_modules\\pg-pool\\index.js:45:11\n    at process.processTicksAndRejections (node:internal/process/task_queues:95:5)\n    at async connectToDatabase (D:\\Forex\\forex-remittance\\backend\\database\\db.js:14:20)","syscall":"getaddrinfo"}
{"level":"info","message":"Server is running on 5001"}
{"code":"ENOTFOUND","errno":-3008,"hostname":"ddpg-clkrmpsjtl8s73f17fq0-a","level":"error","message":"Error connecting to PostgreSQL database: getaddrinfo ENOTFOUND ddpg-clkrmpsjtl8s73f17fq0-a","stack":"Error: getaddrinfo ENOTFOUND ddpg-clkrmpsjtl8s73f17fq0-a\n    at D:\\Forex\\forex-remittance\\backend\\node_modules\\pg-pool\\index.js:45:11\n    at process.processTicksAndRejections (node:internal/process/task_queues:95:5)\n    at async connectToDatabase (D:\\Forex\\forex-remittance\\backend\\database\\db.js:14:20)","syscall":"getaddrinfo"}
{"level":"info","message":"Server is running on 5001"}
{"code":"ENOTFOUND","errno":-3008,"hostname":"dpg-clkrmpsjtl8s73f17fq0-a","level":"error","message":"Error connecting to PostgreSQL database: getaddrinfo ENOTFOUND dpg-clkrmpsjtl8s73f17fq0-a","stack":"Error: getaddrinfo ENOTFOUND dpg-clkrmpsjtl8s73f17fq0-a\n    at D:\\Forex\\forex-remittance\\backend\\node_modules\\pg-pool\\index.js:45:11\n    at process.processTicksAndRejections (node:internal/process/task_queues:95:5)\n    at async connectToDatabase (D:\\Forex\\forex-remittance\\backend\\database\\db.js:14:20)","syscall":"getaddrinfo"}
{"level":"info","message":"Server is running on 5001"}
{"code":"ENOTFOUND","errno":-3008,"hostname":"dpg-clkrmpsjtl8s73f17fq0-a","level":"error","message":"Error connecting to PostgreSQL database: getaddrinfo ENOTFOUND dpg-clkrmpsjtl8s73f17fq0-a","stack":"Error: getaddrinfo ENOTFOUND dpg-clkrmpsjtl8s73f17fq0-a\n    at D:\\Forex\\forex-remittance\\backend\\node_modules\\pg-pool\\index.js:45:11\n    at process.processTicksAndRejections (node:internal/process/task_queues:95:5)\n    at async connectToDatabase (D:\\Forex\\forex-remittance\\backend\\database\\db.js:14:20)","syscall":"getaddrinfo"}
{"level":"info","message":"Server is running on 5001"}
{"code":"ENOTFOUND","errno":-3008,"hostname":"dpg-dpg-clkrmpsjtl8s73f17fq0-a-a","level":"error","message":"Error connecting to PostgreSQL database: getaddrinfo ENOTFOUND dpg-dpg-clkrmpsjtl8s73f17fq0-a-a","stack":"Error: getaddrinfo ENOTFOUND dpg-dpg-clkrmpsjtl8s73f17fq0-a-a\n    at D:\\Forex\\forex-remittance\\backend\\node_modules\\pg-pool\\index.js:45:11\n    at process.processTicksAndRejections (node:internal/process/task_queues:95:5)\n    at async connectToDatabase (D:\\Forex\\forex-remittance\\backend\\database\\db.js:14:20)","syscall":"getaddrinfo"}
{"level":"info","message":"Server is running on 5001"}
{"code":"ENOTFOUND","errno":-3008,"hostname":"dpg-clkrmpsjtl8s73f17fq0-a-a","level":"error","message":"Error connecting to PostgreSQL database: getaddrinfo ENOTFOUND dpg-clkrmpsjtl8s73f17fq0-a-a","stack":"Error: getaddrinfo ENOTFOUND dpg-clkrmpsjtl8s73f17fq0-a-a\n    at D:\\Forex\\forex-remittance\\backend\\node_modules\\pg-pool\\index.js:45:11\n    at process.processTicksAndRejections (node:internal/process/task_queues:95:5)\n    at async connectToDatabase (D:\\Forex\\forex-remittance\\backend\\database\\db.js:14:20)","syscall":"getaddrinfo"}
{"level":"info","message":"Server is running on 5001"}
{"code":"ENOTFOUND","errno":-3008,"hostname":"dpg-clkrmpsjtl8s73f17fq0-a","level":"error","message":"Error connecting to PostgreSQL database: getaddrinfo ENOTFOUND dpg-clkrmpsjtl8s73f17fq0-a","stack":"Error: getaddrinfo ENOTFOUND dpg-clkrmpsjtl8s73f17fq0-a\n    at D:\\Forex\\forex-remittance\\backend\\node_modules\\pg-pool\\index.js:45:11\n    at process.processTicksAndRejections (node:internal/process/task_queues:95:5)\n    at async connectToDatabase (D:\\Forex\\forex-remittance\\backend\\database\\db.js:14:20)","syscall":"getaddrinfo"}
{"level":"info","message":"Server is running on 5001"}
{"code":"ENOTFOUND","errno":-3008,"hostname":"dpg-clkrmpsjtl8s73f17fq0-a","level":"error","message":"Error connecting to PostgreSQL database: getaddrinfo ENOTFOUND dpg-clkrmpsjtl8s73f17fq0-a","stack":"Error: getaddrinfo ENOTFOUND dpg-clkrmpsjtl8s73f17fq0-a\n    at D:\\Forex\\forex-remittance\\backend\\node_modules\\pg-pool\\index.js:45:11\n    at process.processTicksAndRejections (node:internal/process/task_queues:95:5)\n    at async connectToDatabase (D:\\Forex\\forex-remittance\\backend\\database\\db.js:14:20)","syscall":"getaddrinfo"}
{"level":"info","message":"Server is running on 5001"}
{"level":"info","message":"Server is running on 5001"}
{"code":"ENOTFOUND","errno":-3008,"hostname":"dpg-clkrmpsjtl8s73f17fq0-a","level":"error","message":"Error connecting to PostgreSQL database: getaddrinfo ENOTFOUND dpg-clkrmpsjtl8s73f17fq0-a","stack":"Error: getaddrinfo ENOTFOUND dpg-clkrmpsjtl8s73f17fq0-a\n    at D:\\Forex\\forex-remittance\\backend\\node_modules\\pg-pool\\index.js:45:11\n    at process.processTicksAndRejections (node:internal/process/task_queues:95:5)\n    at async connectToDatabase (D:\\Forex\\forex-remittance\\backend\\database\\db.js:14:20)","syscall":"getaddrinfo"}
{"level":"info","message":"Server is running on 5001"}
{"code":"ENOTFOUND","errno":-3008,"hostname":"dpg-clkrmpsjtl8s73f17fq0-a","level":"error","message":"Error connecting to PostgreSQL database: getaddrinfo ENOTFOUND dpg-clkrmpsjtl8s73f17fq0-a","stack":"Error: getaddrinfo ENOTFOUND dpg-clkrmpsjtl8s73f17fq0-a\n    at D:\\Forex\\forex-remittance\\backend\\node_modules\\pg-pool\\index.js:45:11\n    at process.processTicksAndRejections (node:internal/process/task_queues:95:5)\n    at async connectToDatabase (D:\\Forex\\forex-remittance\\backend\\database\\db.js:14:20)","syscall":"getaddrinfo"}
{"level":"info","message":"Server is running on 5001"}
{"code":"ENOTFOUND","errno":-3008,"hostname":"dpg-clkrmpsjtl8s73f17fq0-a  ","level":"error","message":"Error connecting to PostgreSQL database: getaddrinfo ENOTFOUND dpg-clkrmpsjtl8s73f17fq0-a  ","stack":"Error: getaddrinfo ENOTFOUND dpg-clkrmpsjtl8s73f17fq0-a  \n    at D:\\Forex\\forex-remittance\\backend\\node_modules\\pg-pool\\index.js:45:11\n    at process.processTicksAndRejections (node:internal/process/task_queues:95:5)\n    at async connectToDatabase (D:\\Forex\\forex-remittance\\backend\\database\\db.js:14:20)","syscall":"getaddrinfo"}
{"level":"info","message":"Server is running on 5001"}
{"code":"ENOTFOUND","errno":-3008,"hostname":"dpg-clkrmpsjtl8s73f17fq0-a","level":"error","message":"Error connecting to PostgreSQL database: getaddrinfo ENOTFOUND dpg-clkrmpsjtl8s73f17fq0-a","stack":"Error: getaddrinfo ENOTFOUND dpg-clkrmpsjtl8s73f17fq0-a\n    at D:\\Forex\\forex-remittance\\backend\\node_modules\\pg-pool\\index.js:45:11\n    at process.processTicksAndRejections (node:internal/process/task_queues:95:5)\n    at async connectToDatabase (D:\\Forex\\forex-remittance\\backend\\database\\db.js:14:20)","syscall":"getaddrinfo"}
{"level":"info","message":"Server is running on 5001"}
{"code":"ENOTFOUND","errno":-3008,"hostname":"dpg-clkrmpsjtl8s73f17fq0-a","level":"error","message":"Error connecting to PostgreSQL database: getaddrinfo ENOTFOUND dpg-clkrmpsjtl8s73f17fq0-a","stack":"Error: getaddrinfo ENOTFOUND dpg-clkrmpsjtl8s73f17fq0-a\n    at D:\\Forex\\forex-remittance\\backend\\node_modules\\pg-pool\\index.js:45:11\n    at process.processTicksAndRejections (node:internal/process/task_queues:95:5)\n    at async connectToDatabase (D:\\Forex\\forex-remittance\\backend\\database\\db.js:14:20)","syscall":"getaddrinfo"}
{"level":"info","message":"Server is running on 5001"}
{"code":"ENOTFOUND","errno":-3008,"hostname":"dpg-clkrmpsjtl8s73f17fq0-a","level":"error","message":"Error connecting to PostgreSQL database: getaddrinfo ENOTFOUND dpg-clkrmpsjtl8s73f17fq0-a","stack":"Error: getaddrinfo ENOTFOUND dpg-clkrmpsjtl8s73f17fq0-a\n    at D:\\Forex\\forex-remittance\\backend\\node_modules\\pg-pool\\index.js:45:11\n    at process.processTicksAndRejections (node:internal/process/task_queues:95:5)\n    at async connectToDatabase (D:\\Forex\\forex-remittance\\backend\\database\\db.js:14:20)","syscall":"getaddrinfo"}
{"level":"info","message":"Server is running on 5001"}
{"code":"ENOTFOUND","errno":-3008,"hostname":"dpg-clkrmpsjtl8s73f17fq0-a","level":"error","message":"Error connecting to PostgreSQL database: getaddrinfo ENOTFOUND dpg-clkrmpsjtl8s73f17fq0-a","stack":"Error: getaddrinfo ENOTFOUND dpg-clkrmpsjtl8s73f17fq0-a\n    at D:\\Forex\\forex-remittance\\backend\\node_modules\\pg-pool\\index.js:45:11\n    at process.processTicksAndRejections (node:internal/process/task_queues:95:5)\n    at async connectToDatabase (D:\\Forex\\forex-remittance\\backend\\database\\db.js:14:20)","syscall":"getaddrinfo"}
{"level":"info","message":"Server is running on 5001"}
{"code":"EAI_FAIL","errno":-3004,"hostname":"postgres://fintech_database_user:pl4rTweaehXwQRnavcrp2pGOemb77X5o@dpg-clkrmpsjtl8s73f17fq0-a.oregon-postgres.render.com/fintech_database","level":"error","message":"Error connecting to PostgreSQL database: getaddrinfo EAI_FAIL postgres://fintech_database_user:pl4rTweaehXwQRnavcrp2pGOemb77X5o@dpg-clkrmpsjtl8s73f17fq0-a.oregon-postgres.render.com/fintech_database","stack":"Error: getaddrinfo EAI_FAIL postgres://fintech_database_user:pl4rTweaehXwQRnavcrp2pGOemb77X5o@dpg-clkrmpsjtl8s73f17fq0-a.oregon-postgres.render.com/fintech_database\n    at D:\\Forex\\forex-remittance\\backend\\node_modules\\pg-pool\\index.js:45:11\n    at process.processTicksAndRejections (node:internal/process/task_queues:95:5)\n    at async connectToDatabase (D:\\Forex\\forex-remittance\\backend\\database\\db.js:14:20)","syscall":"getaddrinfo"}
{"level":"info","message":"Server is running on 5001"}
{"code":"EAI_FAIL","errno":-3004,"hostname":"postgres://fintech_database_user:pl4rTweaehXwQRnavcrp2pGOemb77X5o@/fintech_database","level":"error","message":"Error connecting to PostgreSQL database: getaddrinfo EAI_FAIL postgres://fintech_database_user:pl4rTweaehXwQRnavcrp2pGOemb77X5o@/fintech_database","stack":"Error: getaddrinfo EAI_FAIL postgres://fintech_database_user:pl4rTweaehXwQRnavcrp2pGOemb77X5o@/fintech_database\n    at D:\\Forex\\forex-remittance\\backend\\node_modules\\pg-pool\\index.js:45:11\n    at process.processTicksAndRejections (node:internal/process/task_queues:95:5)\n    at async connectToDatabase (D:\\Forex\\forex-remittance\\backend\\database\\db.js:14:20)","syscall":"getaddrinfo"}
{"level":"info","message":"Server is running on 5001"}
{"code":"ECONNRESET","errno":-4077,"level":"error","message":"Error connecting to PostgreSQL database: read ECONNRESET","stack":"Error: read ECONNRESET\n    at D:\\Forex\\forex-remittance\\backend\\node_modules\\pg-pool\\index.js:45:11\n    at process.processTicksAndRejections (node:internal/process/task_queues:95:5)\n    at async connectToDatabase (D:\\Forex\\forex-remittance\\backend\\database\\db.js:14:20)","syscall":"read"}
{"level":"info","message":"Server is running on 5001"}
{"code":"28000","length":37,"level":"error","message":"Error connecting to PostgreSQL database: SSL/TLS required","name":"error","severity":"FATAL","stack":"error: SSL/TLS required\n    at D:\\Forex\\forex-remittance\\backend\\node_modules\\pg-pool\\index.js:45:11\n    at process.processTicksAndRejections (node:internal/process/task_queues:95:5)\n    at async connectToDatabase (D:\\Forex\\forex-remittance\\backend\\database\\db.js:14:20)"}
{"level":"info","message":"Server is running on 5001"}
{"level":"info","message":"Connected to PostgreSQL database"}
{"level":"error","message":"Error during login: Error finding user: relation \"users\" does not exist","stack":"Error: Error finding user: relation \"users\" does not exist\n    at findUser (D:\\Forex\\forex-remittance\\backend\\models\\userModel.js:8:11)\n    at process.processTicksAndRejections (node:internal/process/task_queues:95:5)\n    at async login (D:\\Forex\\forex-remittance\\backend\\controllers\\LoginController.js:7:18)"}
{"level":"error","message":"Error during login: Error finding user: relation \"users\" does not exist","stack":"Error: Error finding user: relation \"users\" does not exist\n    at findUser (D:\\Forex\\forex-remittance\\backend\\models\\userModel.js:8:11)\n    at process.processTicksAndRejections (node:internal/process/task_queues:95:5)\n    at async login (D:\\Forex\\forex-remittance\\backend\\controllers\\LoginController.js:7:18)"}
{"level":"error","message":"Error during login: Error finding user: relation \"users\" does not exist","stack":"Error: Error finding user: relation \"users\" does not exist\n    at findUser (D:\\Forex\\forex-remittance\\backend\\models\\userModel.js:8:11)\n    at process.processTicksAndRejections (node:internal/process/task_queues:95:5)\n    at async login (D:\\Forex\\forex-remittance\\backend\\controllers\\LoginController.js:7:18)"}
{"level":"info","message":{"error":"Error creating user","success":false}}
{"level":"info","message":{"success":true}}
{"level":"info","message":{"success":true}}
