<<<<<<< HEAD:backend/combined.log
{"address":"::1","code":"ECONNREFUSED","errno":-4078,"level":"error","message":"Error connecting to PostgreSQL database: connect ECONNREFUSED ::1:5000","port":5000,"stack":"Error: connect ECONNREFUSED ::1:5000\n    at D:\\FOREXRemmitance\\forex-remittance\\backend\\node_modules\\pg-pool\\index.js:45:11\n    at process.processTicksAndRejections (node:internal/process/task_queues:95:5)\n    at async connectToDatabase (D:\\FOREXRemmitance\\forex-remittance\\backend\\database\\db.js:13:20)","syscall":"connect"}
{"address":"::1","code":"ECONNREFUSED","errno":-4078,"level":"error","message":"Error connecting to PostgreSQL database: connect ECONNREFUSED ::1:5000","port":5000,"stack":"Error: connect ECONNREFUSED ::1:5000\n    at D:\\FOREXRemmitance\\forex-remittance\\backend\\node_modules\\pg-pool\\index.js:45:11\n    at process.processTicksAndRejections (node:internal/process/task_queues:95:5)\n    at async connectToDatabase (D:\\FOREXRemmitance\\forex-remittance\\backend\\database\\db.js:13:20)","syscall":"connect"}
{"address":"::1","code":"ECONNREFUSED","errno":-4078,"level":"error","message":"Error connecting to PostgreSQL database: connect ECONNREFUSED ::1:5000","port":5000,"stack":"Error: connect ECONNREFUSED ::1:5000\n    at D:\\FOREXRemmitance\\forex-remittance\\backend\\node_modules\\pg-pool\\index.js:45:11\n    at process.processTicksAndRejections (node:internal/process/task_queues:95:5)\n    at async connectToDatabase (D:\\FOREXRemmitance\\forex-remittance\\backend\\database\\db.js:13:20)","syscall":"connect"}
{"address":"::1","code":"ECONNREFUSED","errno":-4078,"level":"error","message":"Error connecting to PostgreSQL database: connect ECONNREFUSED ::1:5000","port":5000,"stack":"Error: connect ECONNREFUSED ::1:5000\n    at D:\\FOREXRemmitance\\forex-remittance\\backend\\node_modules\\pg-pool\\index.js:45:11\n    at process.processTicksAndRejections (node:internal/process/task_queues:95:5)\n    at async connectToDatabase (D:\\FOREXRemmitance\\forex-remittance\\backend\\database\\db.js:13:20)","syscall":"connect"}
{"address":"::1","code":"ECONNREFUSED","errno":-4078,"level":"error","message":"Error connecting to PostgreSQL database: connect ECONNREFUSED ::1:5000","port":5000,"stack":"Error: connect ECONNREFUSED ::1:5000\n    at D:\\FOREXRemmitance\\forex-remittance\\backend\\node_modules\\pg-pool\\index.js:45:11\n    at process.processTicksAndRejections (node:internal/process/task_queues:95:5)\n    at async connectToDatabase (D:\\FOREXRemmitance\\forex-remittance\\backend\\database\\db.js:13:20)","syscall":"connect"}
{"address":"::1","code":"ECONNREFUSED","errno":-4078,"level":"error","message":"Error connecting to PostgreSQL database: connect ECONNREFUSED ::1:54","port":54,"stack":"Error: connect ECONNREFUSED ::1:54\n    at D:\\FOREXRemmitance\\forex-remittance\\backend\\node_modules\\pg-pool\\index.js:45:11\n    at process.processTicksAndRejections (node:internal/process/task_queues:95:5)\n    at async connectToDatabase (D:\\FOREXRemmitance\\forex-remittance\\backend\\database\\db.js:13:20)","syscall":"connect"}
{"address":"::1","code":"ECONNREFUSED","errno":-4078,"level":"error","message":"Error connecting to PostgreSQL database: connect ECONNREFUSED ::1:54","port":54,"stack":"Error: connect ECONNREFUSED ::1:54\n    at D:\\FOREXRemmitance\\forex-remittance\\backend\\node_modules\\pg-pool\\index.js:45:11\n    at process.processTicksAndRejections (node:internal/process/task_queues:95:5)\n    at async connectToDatabase (D:\\FOREXRemmitance\\forex-remittance\\backend\\database\\db.js:13:20)","syscall":"connect"}
{"address":"::1","code":"ECONNREFUSED","errno":-4078,"level":"error","message":"Error connecting to PostgreSQL database: connect ECONNREFUSED ::1:54321","port":54321,"stack":"Error: connect ECONNREFUSED ::1:54321\n    at D:\\FOREXRemmitance\\forex-remittance\\backend\\node_modules\\pg-pool\\index.js:45:11\n    at process.processTicksAndRejections (node:internal/process/task_queues:95:5)\n    at async connectToDatabase (D:\\FOREXRemmitance\\forex-remittance\\backend\\database\\db.js:13:20)","syscall":"connect"}
{"address":"::1","code":"ECONNREFUSED","errno":-4078,"level":"error","message":"Error connecting to PostgreSQL database: connect ECONNREFUSED ::1:54","port":54,"stack":"Error: connect ECONNREFUSED ::1:54\n    at D:\\FOREXRemmitance\\forex-remittance\\backend\\node_modules\\pg-pool\\index.js:45:11\n    at process.processTicksAndRejections (node:internal/process/task_queues:95:5)\n    at async connectToDatabase (D:\\FOREXRemmitance\\forex-remittance\\backend\\database\\db.js:13:20)","syscall":"connect"}
{"address":"::1","code":"ECONNREFUSED","errno":-4078,"level":"error","message":"Error connecting to PostgreSQL database: connect ECONNREFUSED ::1:5432","port":5432,"stack":"Error: connect ECONNREFUSED ::1:5432\n    at D:\\FOREXRemmitance\\forex-remittance\\backend\\node_modules\\pg-pool\\index.js:45:11\n    at process.processTicksAndRejections (node:internal/process/task_queues:95:5)\n    at async connectToDatabase (D:\\FOREXRemmitance\\forex-remittance\\backend\\database\\db.js:13:20)","syscall":"connect"}
{"level":"info","message":"Connected to PostgreSQL database"}
{"level":"info","message":{"success":true}}
{"level":"info","message":"Connected to PostgreSQL database"}
{"level":"info","message":{"success":true}}
{"level":"info","message":"Connected to PostgreSQL database"}
{"level":"info","message":"Connected to PostgreSQL database"}
{"level":"info","message":"Connected to PostgreSQL database"}
{"level":"info","message":"Connected to PostgreSQL database"}
{"level":"info","message":"Connected to PostgreSQL database"}
{"level":"info","message":"Connected to PostgreSQL database"}
{"level":"info","message":{"success":true}}
{"level":"info","message":{"error":"Error creating user","success":false}}
{"level":"info","message":"Connected to PostgreSQL database"}
{"level":"info","message":{"success":true}}
{"address":"35.227.164.209","code":"ETIMEDOUT","errno":-4039,"level":"error","message":"Error connecting to PostgreSQL database: connect ETIMEDOUT 35.227.164.209:5432","port":5432,"stack":"Error: connect ETIMEDOUT 35.227.164.209:5432\n    at D:\\FOREXRemmitance\\forex-remittance\\backend\\node_modules\\pg-pool\\index.js:45:11\n    at process.processTicksAndRejections (node:internal/process/task_queues:95:5)\n    at async connectToDatabase (D:\\FOREXRemmitance\\forex-remittance\\backend\\database\\db.js:14:20)","syscall":"connect"}
{"address":"35.227.164.209","code":"ETIMEDOUT","errno":-4039,"level":"error","message":"Error connecting to PostgreSQL database: connect ETIMEDOUT 35.227.164.209:5432","port":5432,"stack":"Error: connect ETIMEDOUT 35.227.164.209:5432\n    at D:\\FOREXRemmitance\\forex-remittance\\backend\\node_modules\\pg-pool\\index.js:45:11\n    at process.processTicksAndRejections (node:internal/process/task_queues:95:5)\n    at async connectToDatabase (D:\\FOREXRemmitance\\forex-remittance\\backend\\database\\db.js:14:20)","syscall":"connect"}
{"address":"35.227.164.209","code":"ETIMEDOUT","errno":-4039,"level":"error","message":"Error connecting to PostgreSQL database: connect ETIMEDOUT 35.227.164.209:5432","port":5432,"stack":"Error: connect ETIMEDOUT 35.227.164.209:5432\n    at D:\\FOREXRemmitance\\forex-remittance\\backend\\node_modules\\pg-pool\\index.js:45:11\n    at process.processTicksAndRejections (node:internal/process/task_queues:95:5)\n    at async connectToDatabase (D:\\FOREXRemmitance\\forex-remittance\\backend\\database\\db.js:14:20)","syscall":"connect"}
{"level":"error","message":"Error connecting to PostgreSQL database: The server does not support SSL connections","stack":"Error: The server does not support SSL connections\n    at D:\\FOREXRemmitance\\forex-remittance\\backend\\node_modules\\pg-pool\\index.js:45:11\n    at process.processTicksAndRejections (node:internal/process/task_queues:95:5)\n    at async connectToDatabase (D:\\FOREXRemmitance\\forex-remittance\\backend\\database\\db.js:14:20)"}
{"level":"error","message":"Error connecting to PostgreSQL database: The server does not support SSL connections","stack":"Error: The server does not support SSL connections\n    at D:\\FOREXRemmitance\\forex-remittance\\backend\\node_modules\\pg-pool\\index.js:45:11\n    at process.processTicksAndRejections (node:internal/process/task_queues:95:5)\n    at async connectToDatabase (D:\\FOREXRemmitance\\forex-remittance\\backend\\database\\db.js:14:20)"}
{"level":"info","message":"Connected to PostgreSQL database"}
{"level":"error","message":"Error during login: Error finding user: relation \"users\" does not exist","stack":"Error: Error finding user: relation \"users\" does not exist\n    at findUser (D:\\FOREXRemmitance\\forex-remittance\\backend\\models\\userModel.js:8:11)\n    at process.processTicksAndRejections (node:internal/process/task_queues:95:5)\n    at async login (D:\\FOREXRemmitance\\forex-remittance\\backend\\controllers\\LoginController.js:7:18)"}
{"level":"info","message":"Connected to PostgreSQL database"}
{"level":"info","message":"Connected to PostgreSQL database"}
{"level":"info","message":{"success":true}}
{"level":"info","message":"Connected to PostgreSQL database"}
{"level":"info","message":"Connected to PostgreSQL database"}
{"level":"info","message":"Connected to PostgreSQL database"}
{"level":"info","message":"Connected to PostgreSQL database"}
{"level":"info","message":"Connected to PostgreSQL database"}
{"level":"info","message":"Connected to PostgreSQL database"}
{"level":"info","message":"Connected to PostgreSQL database"}
{"level":"info","message":"Connected to PostgreSQL database"}
{"level":"info","message":"Connected to PostgreSQL database"}
{"level":"info","message":"Connected to PostgreSQL database"}
{"level":"info","message":"Connected to PostgreSQL database"}
{"level":"info","message":"Connected to PostgreSQL database"}
{"level":"info","message":"Connected to PostgreSQL database"}
{"level":"info","message":"Connected to PostgreSQL database"}
{"level":"info","message":"Connected to PostgreSQL database"}
{"level":"info","message":"Connected to PostgreSQL database"}
{"level":"info","message":"Connected to PostgreSQL database"}
{"level":"info","message":"Connected to PostgreSQL database"}
{"level":"info","message":"Connected to PostgreSQL database"}
{"level":"info","message":"Connected to PostgreSQL database"}
{"level":"info","message":"Connected to PostgreSQL database"}
{"level":"info","message":"Connected to PostgreSQL database"}
{"level":"info","message":"Connected to PostgreSQL database"}
{"level":"info","message":"Connected to PostgreSQL database"}
{"level":"info","message":"Connected to PostgreSQL database"}
{"level":"info","message":"Connected to PostgreSQL database"}
{"level":"info","message":"Connected to PostgreSQL database"}
{"level":"info","message":"Connected to PostgreSQL database"}
{"level":"info","message":"Connected to PostgreSQL database"}
{"level":"info","message":"Connected to PostgreSQL database"}
{"level":"info","message":"Connected to PostgreSQL database"}
{"level":"info","message":"Connected to PostgreSQL database"}
{"level":"info","message":"Connected to PostgreSQL database"}
{"level":"info","message":"Connected to PostgreSQL database"}
{"level":"info","message":"Connected to PostgreSQL database"}
{"level":"info","message":"Connected to PostgreSQL database"}
{"level":"info","message":"Connected to PostgreSQL database"}
{"level":"info","message":"Connected to PostgreSQL database"}
{"level":"info","message":"Connected to PostgreSQL database"}
{"level":"info","message":"Connected to PostgreSQL database"}
{"level":"info","message":"Connected to PostgreSQL database"}
{"level":"info","message":"Connected to PostgreSQL database"}
{"level":"info","message":"Connected to PostgreSQL database"}
{"level":"info","message":"Connected to PostgreSQL database"}
{"level":"info","message":"Connected to PostgreSQL database"}
{"level":"info","message":"Connected to PostgreSQL database"}
{"level":"info","message":"Connected to PostgreSQL database"}
{"level":"info","message":"Connected to PostgreSQL database"}
{"level":"info","message":"Connected to PostgreSQL database"}
{"level":"info","message":"Connected to PostgreSQL database"}
{"level":"info","message":"Connected to PostgreSQL database"}
{"level":"info","message":"Connected to PostgreSQL database"}
{"level":"info","message":"Connected to PostgreSQL database"}
{"level":"info","message":"Connected to PostgreSQL database"}
{"level":"info","message":"Connected to PostgreSQL database"}
{"level":"info","message":"Connected to PostgreSQL database"}
{"level":"info","message":"Connected to PostgreSQL database"}
{"level":"info","message":"Connected to PostgreSQL database"}
{"level":"info","message":"Connected to PostgreSQL database"}
{"level":"info","message":"Connected to PostgreSQL database"}
{"level":"info","message":"Connected to PostgreSQL database"}
{"level":"info","message":"Connected to PostgreSQL database"}
{"level":"info","message":"Connected to PostgreSQL database"}
{"level":"info","message":"Connected to PostgreSQL database"}
{"level":"info","message":"Connected to PostgreSQL database"}
{"level":"info","message":"Connected to PostgreSQL database"}
{"level":"info","message":"Connected to PostgreSQL database"}
{"level":"info","message":"Connected to PostgreSQL database"}
{"level":"info","message":"Connected to PostgreSQL database"}
{"level":"info","message":"Connected to PostgreSQL database"}
{"level":"info","message":"Connected to PostgreSQL database"}
{"level":"info","message":"Connected to PostgreSQL database"}
{"level":"info","message":"Connected to PostgreSQL database"}
{"level":"info","message":"Connected to PostgreSQL database"}
{"level":"info","message":"Connected to PostgreSQL database"}
{"level":"info","message":"Connected to PostgreSQL database"}
{"level":"info","message":"Connected to PostgreSQL database"}
{"level":"info","message":"Connected to PostgreSQL database"}
{"level":"info","message":"Connected to PostgreSQL database"}
{"level":"info","message":"Connected to PostgreSQL database"}
{"level":"info","message":"Connected to PostgreSQL database"}
{"level":"info","message":"Connected to PostgreSQL database"}
{"level":"info","message":"Connected to PostgreSQL database"}
{"level":"info","message":"Connected to PostgreSQL database"}
{"level":"info","message":"Connected to PostgreSQL database"}
{"level":"info","message":"Connected to PostgreSQL database"}
{"address":"::1","code":"ECONNREFUSED","errno":-4078,"level":"error","message":"Error connecting to PostgreSQL database: connect ECONNREFUSED ::1:5000","port":5000,"stack":"Error: connect ECONNREFUSED ::1:5000\n    at D:\\FOREXRemmitance\\forex-remittance\\backend\\node_modules\\pg-pool\\index.js:45:11\n    at process.processTicksAndRejections (node:internal/process/task_queues:95:5)\n    at async connectToDatabase (D:\\FOREXRemmitance\\forex-remittance\\backend\\database\\db.js:13:20)","syscall":"connect"}
{"address":"::1","code":"ECONNREFUSED","errno":-4078,"level":"error","message":"Error connecting to PostgreSQL database: connect ECONNREFUSED ::1:5","port":5,"stack":"Error: connect ECONNREFUSED ::1:5\n    at D:\\FOREXRemmitance\\forex-remittance\\backend\\node_modules\\pg-pool\\index.js:45:11\n    at process.processTicksAndRejections (node:internal/process/task_queues:95:5)\n    at async connectToDatabase (D:\\FOREXRemmitance\\forex-remittance\\backend\\database\\db.js:13:20)","syscall":"connect"}
{"code":"28P01","file":"auth.c","length":104,"level":"error","line":"326","message":"Error connecting to PostgreSQL database: password authentication failed for user \"postgres\"","name":"error","routine":"auth_failed","severity":"FATAL","stack":"error: password authentication failed for user \"postgres\"\n    at D:\\FOREXRemmitance\\forex-remittance\\backend\\node_modules\\pg-pool\\index.js:45:11\n    at process.processTicksAndRejections (node:internal/process/task_queues:95:5)\n    at async connectToDatabase (D:\\FOREXRemmitance\\forex-remittance\\backend\\database\\db.js:13:20)"}
{"level":"info","message":"Connected to PostgreSQL database"}
{"level":"info","message":"Connected to PostgreSQL database"}
{"address":"::1","code":"ECONNREFUSED","errno":-4078,"level":"error","message":"Error connecting to PostgreSQL database: connect ECONNREFUSED ::1:5000","port":5000,"stack":"Error: connect ECONNREFUSED ::1:5000\n    at D:\\FOREXRemmitance\\forex-remittance\\backend\\node_modules\\pg-pool\\index.js:45:11\n    at process.processTicksAndRejections (node:internal/process/task_queues:95:5)\n    at async connectToDatabase (D:\\FOREXRemmitance\\forex-remittance\\backend\\database\\db.js:13:20)","syscall":"connect"}
{"level":"info","message":"Connected to PostgreSQL database"}
{"code":"28P01","file":"auth.c","length":104,"level":"error","line":"326","message":"Error connecting to PostgreSQL database: password authentication failed for user \"postgres\"","name":"error","routine":"auth_failed","severity":"FATAL","stack":"error: password authentication failed for user \"postgres\"\n    at D:\\FOREXRemmitance\\forex-remittance\\backend\\node_modules\\pg-pool\\index.js:45:11\n    at process.processTicksAndRejections (node:internal/process/task_queues:95:5)\n    at async connectToDatabase (D:\\FOREXRemmitance\\forex-remittance\\backend\\database\\db.js:13:20)"}
=======
{"level":"info","message":"Connected to PostgreSQL database"}
{"level":"info","message":"Connected to PostgreSQL database"}
{"address":"::1","code":"ECONNREFUSED","errno":-4078,"level":"error","message":"Error connecting to PostgreSQL database: connect ECONNREFUSED ::1:5432","port":5432,"stack":"Error: connect ECONNREFUSED ::1:5432\n    at D:\\Forex_Remittance\\forex-remittance\\backend1\\node_modules\\pg-pool\\index.js:45:11\n    at process.processTicksAndRejections (node:internal/process/task_queues:95:5)\n    at async connectToDatabase (D:\\Forex_Remittance\\forex-remittance\\backend1\\database\\db.js:13:20)","syscall":"connect"}
{"code":"28P01","file":"auth.c","length":104,"level":"error","line":"326","message":"Error connecting to PostgreSQL database: password authentication failed for user \"postgres\"","name":"error","routine":"auth_failed","severity":"FATAL","stack":"error: password authentication failed for user \"postgres\"\n    at D:\\Forex_Remittance\\forex-remittance\\backend1\\node_modules\\pg-pool\\index.js:45:11\n    at process.processTicksAndRejections (node:internal/process/task_queues:95:5)\n    at async connectToDatabase (D:\\Forex_Remittance\\forex-remittance\\backend1\\database\\db.js:13:20)"}
{"code":"28P01","file":"auth.c","length":104,"level":"error","line":"326","message":"Error connecting to PostgreSQL database: password authentication failed for user \"postgres\"","name":"error","routine":"auth_failed","severity":"FATAL","stack":"error: password authentication failed for user \"postgres\"\n    at D:\\Forex_Remittance\\forex-remittance\\backend1\\node_modules\\pg-pool\\index.js:45:11\n    at process.processTicksAndRejections (node:internal/process/task_queues:95:5)\n    at async connectToDatabase (D:\\Forex_Remittance\\forex-remittance\\backend1\\database\\db.js:13:20)"}
{"code":"28P01","file":"auth.c","length":104,"level":"error","line":"326","message":"Error connecting to PostgreSQL database: password authentication failed for user \"postgres\"","name":"error","routine":"auth_failed","severity":"FATAL","stack":"error: password authentication failed for user \"postgres\"\n    at D:\\Forex_Remittance\\forex-remittance\\backend1\\node_modules\\pg-pool\\index.js:45:11\n    at process.processTicksAndRejections (node:internal/process/task_queues:95:5)\n    at async connectToDatabase (D:\\Forex_Remittance\\forex-remittance\\backend1\\database\\db.js:13:20)"}
{"level":"info","message":"Connected to PostgreSQL database"}
{"level":"info","message":"Connected to PostgreSQL database"}
{"level":"info","message":"Connected to PostgreSQL database"}
{"level":"info","message":"Connected to PostgreSQL database"}
{"level":"info","message":"Connected to PostgreSQL database"}
{"level":"info","message":"Connected to PostgreSQL database"}
{"level":"info","message":"Connected to PostgreSQL database"}
{"level":"info","message":"Connected to PostgreSQL database"}
{"level":"info","message":"Connected to PostgreSQL database"}
{"level":"info","message":"Connected to PostgreSQL database"}
{"level":"info","message":"Connected to PostgreSQL database"}
{"level":"info","message":{"success":true}}
{"level":"info","message":{"success":true}}
>>>>>>> ce680cacfd6a4824adb18ee4065307af3b91fbc7:backend1/combined.log
{"level":"info","message":"Connected to PostgreSQL database"}
{"level":"info","message":"Connected to PostgreSQL database"}
{"level":"info","message":"Connected to PostgreSQL database"}
{"level":"info","message":"Connected to PostgreSQL database"}
{"level":"info","message":"Connected to PostgreSQL database"}
{"level":"info","message":"Connected to PostgreSQL database"}
{"level":"info","message":"Connected to PostgreSQL database"}
{"level":"info","message":"Connected to PostgreSQL database"}
{"level":"info","message":"Connected to PostgreSQL database"}
{"level":"info","message":"Connected to PostgreSQL database"}
{"level":"info","message":"Connected to PostgreSQL database"}
{"level":"info","message":"Connected to PostgreSQL database"}
{"level":"info","message":"Connected to PostgreSQL database"}
{"level":"info","message":"Connected to PostgreSQL database"}
{"level":"info","message":"Connected to PostgreSQL database"}
{"level":"info","message":"Connected to PostgreSQL database"}
{"level":"info","message":"Connected to PostgreSQL database"}
{"level":"info","message":"Connected to PostgreSQL database"}
{"level":"info","message":"Connected to PostgreSQL database"}
{"level":"info","message":"Connected to PostgreSQL database"}
{"level":"info","message":"Connected to PostgreSQL database"}
{"level":"info","message":"Connected to PostgreSQL database"}
{"level":"info","message":"Connected to PostgreSQL database"}
{"level":"info","message":"Connected to PostgreSQL database"}
{"level":"info","message":"Connected to PostgreSQL database"}
{"level":"info","message":"Connected to PostgreSQL database"}
{"level":"info","message":"Connected to PostgreSQL database"}
{"level":"info","message":"Connected to PostgreSQL database"}
{"level":"info","message":"Connected to PostgreSQL database"}
{"level":"info","message":"Connected to PostgreSQL database"}
{"level":"info","message":"Connected to PostgreSQL database"}
{"level":"info","message":"Connected to PostgreSQL database"}
{"level":"info","message":"Connected to PostgreSQL database"}
{"level":"info","message":"Connected to PostgreSQL database"}
{"level":"info","message":"Connected to PostgreSQL database"}
{"level":"info","message":"Connected to PostgreSQL database"}
{"level":"info","message":"Connected to PostgreSQL database"}
{"level":"info","message":"Connected to PostgreSQL database"}
{"level":"info","message":"Connected to PostgreSQL database"}
{"level":"info","message":"Connected to PostgreSQL database"}
{"level":"info","message":"Connected to PostgreSQL database"}
{"level":"info","message":"Connected to PostgreSQL database"}
{"level":"info","message":"Connected to PostgreSQL database"}
{"level":"info","message":"Connected to PostgreSQL database"}
{"level":"info","message":"Connected to PostgreSQL database"}
{"level":"info","message":"Connected to PostgreSQL database"}
{"level":"info","message":"Connected to PostgreSQL database"}
{"level":"info","message":"Connected to PostgreSQL database"}
